FILE_TYPE=LIBRARY_PARTS;
PRIMITIVE 'IN_S42ATR','IN_S42ATR_LEDs Chip';
  PIN
    'K':
      PIN_NUMBER='(1)';
      NO_LOAD_CHECK=BOTH;
      NO_IO_CHECK=BOTH;
      ALLOW_CONNECT=TRUE;
      PINUSE='UNSPEC';
    'A':
      PIN_NUMBER='(2)';
      NO_LOAD_CHECK=BOTH;
      NO_IO_CHECK=BOTH;
      ALLOW_CONNECT=TRUE;
      PINUSE='UNSPEC';
  END_PIN;
  BODY
    PART_NAME='IN_S42ATR';
    PHYS_DES_PREFIX='LED';
    NO_LOAD_CHECK='TRUE';
    PIN_COUNT='2';
    BODY_NAME='IN_S42ATR';
    JEDEC_TYPE='LEDC1005X55N';
  END_BODY;
END_PRIMITIVE;
END.
